<?xml version="1.0" encoding="UTF-8" ?>
<testsuites disabled="0" errors="0" failures="0" tests="5" time="60.25">
 <testsuite name="Assign Leave for Vacation" timestamp="2021-05-02T15:54:05" hostname="localhost" time="60.25" errors="0" tests="5" skipped="0" disabled="0" failures="0">
  <testcase classname="Assign Leave for Vacation" name="LoginPage" time="7.871" />
  <testcase classname="Assign Leave for Vacation" name="Add New Employee details" time="26.145" />
  <testcase classname="Assign Leave for Vacation" name="Add user details" time="9.281" />
  <testcase classname="Assign Leave for Vacation" name="Assign leave for vacation" time="7.466" />
  <testcase classname="Assign Leave for Vacation" name="Login and verify leave" time="9.478" />
 </testsuite>
</testsuites>